0 info it worked if it ends with ok
1 verbose cli [ '/Users/pmoresi/.nvm/versions/node/v6.2.0/bin/node',
1 verbose cli   '/Users/pmoresi/.nvm/versions/node/v6.2.0/bin/npm',
1 verbose cli   'publish' ]
2 info using npm@3.8.9
3 info using node@v6.2.0
4 verbose publish [ '.' ]
5 silly cache add args [ '.', null ]
6 verbose cache add spec .
7 silly cache add parsed spec Result {
7 silly cache add   raw: '.',
7 silly cache add   scope: null,
7 silly cache add   name: null,
7 silly cache add   rawSpec: '.',
7 silly cache add   spec: '/Users/pmoresi/code/formulafoundry',
7 silly cache add   type: 'directory' }
8 verbose addLocalDirectory /Users/pmoresi/.npm/formulafoundry/0.2.0/package.tgz not in flight; packing
9 verbose correctMkdir /Users/pmoresi/.npm correctMkdir not in flight; initializing
10 info lifecycle formulafoundry@0.2.0~prepublish: formulafoundry@0.2.0
11 silly lifecycle formulafoundry@0.2.0~prepublish: no script for prepublish, continuing
12 verbose tar pack [ '/Users/pmoresi/.npm/formulafoundry/0.2.0/package.tgz',
12 verbose tar pack   '/Users/pmoresi/code/formulafoundry' ]
13 verbose tarball /Users/pmoresi/.npm/formulafoundry/0.2.0/package.tgz
14 verbose folder /Users/pmoresi/code/formulafoundry
15 verbose addLocalTarball adding from inside cache /Users/pmoresi/.npm/formulafoundry/0.2.0/package.tgz
16 verbose correctMkdir /Users/pmoresi/.npm correctMkdir not in flight; initializing
17 silly cache afterAdd formulafoundry@0.2.0
18 verbose afterAdd /Users/pmoresi/.npm/formulafoundry/0.2.0/package/package.json not in flight; writing
19 verbose correctMkdir /Users/pmoresi/.npm correctMkdir not in flight; initializing
20 verbose afterAdd /Users/pmoresi/.npm/formulafoundry/0.2.0/package/package.json written
21 silly publish { name: 'formulafoundry',
21 silly publish   version: '0.2.0',
21 silly publish   publishConfig: { tag: 'next' },
21 silly publish   description: 'Compile spreadsheet formula to JavaScript.',
21 silly publish   main: 'lib/compiler.js',
21 silly publish   scripts:
21 silly publish    { 'build:compiler': 'babel src/compiler.js -m commonjs --out-file lib/compiler.js',
21 silly publish      'build:parser': 'jison src/parser.jison -m commonjs -o lib/parser.js',
21 silly publish      'build:dist': 'browserify ./browserify.js > dist/formulafoundry.js && browserify -g uglifyify ./browserify.js > dist/formulafoundry.min.js',
21 silly publish      build: 'npm run build:parser && npm run build:compiler && npm run build:dist',
21 silly publish      test: 'tape tests/*.js' },
21 silly publish   repository:
21 silly publish    { type: 'git',
21 silly publish      url: 'git+https://github.com/FormulaPages/formula-compiler.git' },
21 silly publish   keywords: [ 'spreadsheet', 'formula' ],
21 silly publish   author: { name: 'Peter W Moresi' },
21 silly publish   license: 'MIT',
21 silly publish   bugs: { url: 'https://github.com/FormulaPages/formula-compiler/issues' },
21 silly publish   homepage: 'https://github.com/FormulaPages/formula-compiler#readme',
21 silly publish   dependencies:
21 silly publish    { browserify: '^13.0.1',
21 silly publish      functionfoundry: '^0.10.1',
21 silly publish      uglifyify: '^3.0.1' },
21 silly publish   devDependencies:
21 silly publish    { 'babel-cli': '^6.1.2',
21 silly publish      'babel-core': '^6.1.2',
21 silly publish      'babel-plugin-transform-es2015-modules-commonjs': '^6.1.3',
21 silly publish      'babel-preset-es2015': '^6.1.2',
21 silly publish      'babel-tape-runner': '^2.0.1',
21 silly publish      faucet: '0.0.1',
21 silly publish      jison: '^0.4.17',
21 silly publish      tape: '^4.5.1' },
21 silly publish   readme: '# FormulaFoundry\n\n![circleci](https://circleci.com/gh/FunctionFoundry/formulafoundry.svg?style=shield&circle-token=:circle-token)\n\nCompile formulas to JavaScript functions. See [docs](./Formulas.org) for formula syntax.\n\n## Install\n\n    npm install --save formulafoundry\n\n## Usage\n\n1. Require the compiler.\n\n    var compiler = require(\'formulafoundry\');\n\nThen you need a data object and a context that supports\na `get` function.\n\n    var data = { SuccessText: "Works!" };\n    var context = { get: function(key) { return data[key]; } };\n\nUse the compiler to generate a function.\n\n    var myFunction = compiler.compile(\'IF(TRUE, SuccessText, "Broken")\');\n\nRun the function passing back in the requirements by calling resolve().\n\n    var result = myFunction(context, myFunction.resolve())\n\n## Properties\n\nThe function comes with metadata.\n\nThe identifier:\n\n    myFunction.id\n\nThe abstract syntax tree:\n\n    myFunction.ast\n\nThe list of required libraries:\n\n    myFunction.requires\n\nThe list of precedents:\n\n    myFunction.precedents\n',
21 silly publish   readmeFilename: 'README.md',
21 silly publish   gitHead: '8bd4f017113227d4bd057fd7cc1b06f1b39cea0c',
21 silly publish   _id: 'formulafoundry@0.2.0',
21 silly publish   _shasum: '18586245abf1fc18b1ba5bc503fd03b115d0df90',
21 silly publish   _from: '.' }
22 verbose getPublishConfig { tag: 'next' }
23 silly mapToRegistry name formulafoundry
24 silly mapToRegistry using default registry
25 silly mapToRegistry registry https://registry.npmjs.org/
26 silly mapToRegistry data Result {
26 silly mapToRegistry   raw: 'formulafoundry',
26 silly mapToRegistry   scope: null,
26 silly mapToRegistry   name: 'formulafoundry',
26 silly mapToRegistry   rawSpec: '',
26 silly mapToRegistry   spec: 'latest',
26 silly mapToRegistry   type: 'tag' }
27 silly mapToRegistry uri https://registry.npmjs.org/formulafoundry
28 verbose publish registryBase https://registry.npmjs.org/
29 silly publish uploading /Users/pmoresi/.npm/formulafoundry/0.2.0/package.tgz
30 verbose request uri https://registry.npmjs.org/formulafoundry
31 verbose request sending authorization for write operation
32 info attempt registry request try #1 at 7:56:09 PM
33 verbose request using bearer token for auth
34 verbose request id 2edd21b9fdae2ee5
35 http request PUT https://registry.npmjs.org/formulafoundry
36 http 403 https://registry.npmjs.org/formulafoundry
37 verbose headers { 'content-type': 'application/json',
37 verbose headers   'cache-control': 'max-age=300',
37 verbose headers   'content-length': '95',
37 verbose headers   'accept-ranges': 'bytes',
37 verbose headers   date: 'Thu, 09 Jun 2016 02:56:12 GMT',
37 verbose headers   via: '1.1 varnish',
37 verbose headers   connection: 'keep-alive',
37 verbose headers   'x-served-by': 'cache-lax1442-LAX',
37 verbose headers   'x-cache': 'MISS',
37 verbose headers   'x-cache-hits': '0',
37 verbose headers   'x-timer': 'S1465440970.505491,VS0,VE2324',
37 verbose headers   vary: 'Accept-Encoding' }
38 verbose request invalidating /Users/pmoresi/.npm/registry.npmjs.org/formulafoundry on PUT
39 error publish Failed PUT 403
40 verbose stack Error: "You cannot publish over the previously published version 0.2.0." : formulafoundry
40 verbose stack     at makeError (/Users/pmoresi/.nvm/versions/node/v6.2.0/lib/node_modules/npm/node_modules/npm-registry-client/lib/request.js:264:12)
40 verbose stack     at CachingRegistryClient.<anonymous> (/Users/pmoresi/.nvm/versions/node/v6.2.0/lib/node_modules/npm/node_modules/npm-registry-client/lib/request.js:252:14)
40 verbose stack     at Request._callback (/Users/pmoresi/.nvm/versions/node/v6.2.0/lib/node_modules/npm/node_modules/npm-registry-client/lib/request.js:172:14)
40 verbose stack     at Request.self.callback (/Users/pmoresi/.nvm/versions/node/v6.2.0/lib/node_modules/npm/node_modules/request/request.js:200:22)
40 verbose stack     at emitTwo (events.js:106:13)
40 verbose stack     at Request.emit (events.js:191:7)
40 verbose stack     at Request.<anonymous> (/Users/pmoresi/.nvm/versions/node/v6.2.0/lib/node_modules/npm/node_modules/request/request.js:1067:10)
40 verbose stack     at emitOne (events.js:101:20)
40 verbose stack     at Request.emit (events.js:188:7)
40 verbose stack     at IncomingMessage.<anonymous> (/Users/pmoresi/.nvm/versions/node/v6.2.0/lib/node_modules/npm/node_modules/request/request.js:988:12)
41 verbose statusCode 403
42 verbose pkgid formulafoundry
43 verbose cwd /Users/pmoresi/code/formulafoundry
44 error Darwin 14.5.0
45 error argv "/Users/pmoresi/.nvm/versions/node/v6.2.0/bin/node" "/Users/pmoresi/.nvm/versions/node/v6.2.0/bin/npm" "publish"
46 error node v6.2.0
47 error npm  v3.8.9
48 error code E403
49 error "You cannot publish over the previously published version 0.2.0." : formulafoundry
50 error If you need help, you may report this error at:
50 error     <https://github.com/npm/npm/issues>
51 verbose exit [ 1, true ]
